<?xml version="1.0" encoding="UTF-8"?>
<testsuite name="MusicAdvisorTest" tests="1" skipped="0" failures="0" errors="0" timestamp="2021-04-28T08:42:53" hostname="DESKTOP-4IPOM31" time="22.746">
  <properties/>
  <testcase name="start" classname="MusicAdvisorTest" time="22.746"/>
  <system-out><![CDATA[?[1;31m
Start test 1?[0m
> auth
use this link to request the access code:
http://127.0.0.1:45678/authorize?client_id=d5e4a5e431d9471e97fec15d26509715&response_type=code&redirect_uri=http://localhost:8080/
waiting for code...
Tester: making requests to redirect uri: http://localhost:8080/
Tester: done request 1: Authorization code not found. Try again.
Tester: done request 2: Authorization code not found. Try again.
code received
123123
Tester: done request 3: Got the code. Return back to your program.
code received
making http request for access_token...
response:
{"access_token":"456456","token_type":"Bearer","expires_in":3600,"refresh_token":"567567","scope":""}
---SUCCESS---
> exit
---GOODBYE!---
?[1;31m
Start test 2?[0m
> auth
use this link to request the access code:
http://127.0.0.1:45678/authorize?client_id=d5e4a5e431d9471e97fec15d26509715&response_type=code&redirect_uri=http://localhost:8080/
waiting for code...
Tester: making requests to redirect uri: http://localhost:8080/
Tester: done request 1: Authorization code not found. Try again.
Tester: done request 2: Authorization code not found. Try again.
code received
123123
Tester: done request 3: Got the code. Return back to your program.
code received
making http request for access_token...
response:
{"access_token":"456456","token_type":"Bearer","expires_in":3600,"refresh_token":"567567","scope":""}
---SUCCESS---
> categories
Top Lists
---PAGE 1 OF 0---
> next
Super Mood
---PAGE 2 OF 0---
> next
Party Time
---PAGE 3 OF 0---
> prev
Super Mood
---PAGE 2 OF 0---
> prev
Top Lists
---PAGE 1 OF 0---
?[1;31m
Start test 3?[0m
> auth
use this link to request the access code:
http://127.0.0.1:45678/authorize?client_id=d5e4a5e431d9471e97fec15d26509715&response_type=code&redirect_uri=http://localhost:8080/
waiting for code...
Tester: making requests to redirect uri: http://localhost:8080/
Tester: done request 1: Authorization code not found. Try again.
Tester: done request 2: Authorization code not found. Try again.
code received
123123
Tester: done request 3: Got the code. Return back to your program.
code received
making http request for access_token...
response:
{"access_token":"456456","token_type":"Bearer","expires_in":3600,"refresh_token":"567567","scope":""}
---SUCCESS---
> featured
Monday Morning Mood
http://open.spotify.com/user/spotify/playlist/6ftJBzU2LLQcaKefMi7ee7

---PAGE 1 OF 0---
> next
Upp och hoppa!
http://open.spotify.com/user/spotify__sverige/playlist/4uOEx4OUrkoGNZoIlWMUbO

---PAGE 2 OF 0---
> prev
Monday Morning Mood
http://open.spotify.com/user/spotify/playlist/6ftJBzU2LLQcaKefMi7ee7

---PAGE 1 OF 0---
> exit
---GOODBYE!---
?[1;31m
Start test 4?[0m
> auth
use this link to request the access code:
http://127.0.0.1:45678/authorize?client_id=d5e4a5e431d9471e97fec15d26509715&response_type=code&redirect_uri=http://localhost:8080/
waiting for code...
Tester: making requests to redirect uri: http://localhost:8080/
Tester: done request 1: Authorization code not found. Try again.
Tester: done request 2: Authorization code not found. Try again.
code received
123123
Tester: done request 3: Got the code. Return back to your program.
code received
making http request for access_token...
response:
{"access_token":"456456","token_type":"Bearer","expires_in":3600,"refresh_token":"567567","scope":""}
---SUCCESS---
> new
Runnin'
[Pharrell Williams]
https://open.spotify.com/album/5ZX4m5aVSmWQ5iHAPQpT71

---PAGE 1 OF 2---
> prev
No more pages.
> next
Sneakin'
[Drake2]
https://open.spotify.com/album/0geTzdk2InlqIoB16fW9Nd

---PAGE 2 OF 2---
> next
No more pages.
> prev
Runnin'
[Pharrell Williams]
https://open.spotify.com/album/5ZX4m5aVSmWQ5iHAPQpT71

---PAGE 1 OF 2---
> exit
---GOODBYE!---
?[1;31m
Start test 5?[0m
> auth
use this link to request the access code:
http://127.0.0.1:45678/authorize?client_id=d5e4a5e431d9471e97fec15d26509715&response_type=code&redirect_uri=http://localhost:8080/
waiting for code...
Tester: making requests to redirect uri: http://localhost:8080/
Tester: done request 1: Authorization code not found. Try again.
Tester: done request 2: Authorization code not found. Try again.
code received
123123
Tester: done request 3: Got the code. Return back to your program.
code received
making http request for access_token...
response:
{"access_token":"456456","token_type":"Bearer","expires_in":3600,"refresh_token":"567567","scope":""}
---SUCCESS---
> playlists Party Time
Noite Eletronica
http://open.spotify.com/user/spotifybrazilian/playlist/4k7EZPI3uKMz4aRRrLVfen

---PAGE 1 OF 0---
> next
Festa Indie
http://open.spotify.com/user/spotifybrazilian/playlist/4HZh0C9y80GzHDbHZyX770

---PAGE 2 OF 0---
> prev
Noite Eletronica
http://open.spotify.com/user/spotifybrazilian/playlist/4k7EZPI3uKMz4aRRrLVfen

---PAGE 1 OF 0---
> exit
---GOODBYE!---
]]></system-out>
  <system-err><![CDATA[]]></system-err>
</testsuite>
