<?xml version="1.0" encoding="UTF-8"?>
<testsuite name="MinesweeperTest" tests="1" skipped="0" failures="0" errors="0" timestamp="2021-04-19T11:42:30" hostname="DESKTOP-4IPOM31" time="0.767">
  <properties/>
  <testcase name="start" classname="MinesweeperTest" time="0.767"/>
  <system-out><![CDATA[?[1;31m
Start test 1?[0m
How many mines do you want on the field? > 1

 |123456789|
—|—————————|
1|....111..|
2|....1.1..|
3|....111..|
4|.........|
5|.........|
6|.........|
7|.........|
8|.........|
9|.........|
—|—————————|
Set/delete mines marks (x and y coordinates): > 1 2

 |123456789|
—|—————————|
1|....111..|
2|*...1.1..|
3|....111..|
4|.........|
5|.........|
6|.........|
7|.........|
8|.........|
9|.........|
—|—————————|
Set/delete mines marks (x and y coordinates): > 1 2

 |123456789|
—|—————————|
1|....111..|
2|....1.1..|
3|....111..|
4|.........|
5|.........|
6|.........|
7|.........|
8|.........|
9|.........|
—|—————————|
Set/delete mines marks (x and y coordinates): > 6 2

 |123456789|
—|—————————|
1|....111..|
2|....1*1..|
3|....111..|
4|.........|
5|.........|
6|.........|
7|.........|
8|.........|
9|.........|
—|—————————|
Congratulations! You found all the mines!
?[1;31m
Start test 2?[0m
How many mines do you want on the field? > 1

 |123456789|
—|—————————|
1|.........|
2|.........|
3|.........|
4|.........|
5|.........|
6|.........|
7|.........|
8|.......11|
9|.......1.|
—|—————————|
Set/delete mines marks (x and y coordinates): > 1 2

 |123456789|
—|—————————|
1|.........|
2|*........|
3|.........|
4|.........|
5|.........|
6|.........|
7|.........|
8|.......11|
9|.......1.|
—|—————————|
Set/delete mines marks (x and y coordinates): > 1 2

 |123456789|
—|—————————|
1|.........|
2|.........|
3|.........|
4|.........|
5|.........|
6|.........|
7|.........|
8|.......11|
9|.......1.|
—|—————————|
Set/delete mines marks (x and y coordinates): > 9 9

 |123456789|
—|—————————|
1|.........|
2|.........|
3|.........|
4|.........|
5|.........|
6|.........|
7|.........|
8|.......11|
9|.......1*|
—|—————————|
Congratulations! You found all the mines!
?[1;31m
Start test 3?[0m
How many mines do you want on the field? > 1

 |123456789|
—|—————————|
1|.........|
2|.........|
3|.........|
4|.........|
5|.........|
6|.........|
7|.........|
8|.111.....|
9|.1.1.....|
—|—————————|
Set/delete mines marks (x and y coordinates): > 1 2

 |123456789|
—|—————————|
1|.........|
2|*........|
3|.........|
4|.........|
5|.........|
6|.........|
7|.........|
8|.111.....|
9|.1.1.....|
—|—————————|
Set/delete mines marks (x and y coordinates): > 1 2

 |123456789|
—|—————————|
1|.........|
2|.........|
3|.........|
4|.........|
5|.........|
6|.........|
7|.........|
8|.111.....|
9|.1.1.....|
—|—————————|
Set/delete mines marks (x and y coordinates): > 3 9

 |123456789|
—|—————————|
1|.........|
2|.........|
3|.........|
4|.........|
5|.........|
6|.........|
7|.........|
8|.111.....|
9|.1*1.....|
—|—————————|
Congratulations! You found all the mines!
?[1;31m
Start test 4?[0m
How many mines do you want on the field? > 1

 |123456789|
—|—————————|
1|.........|
2|.........|
3|.........|
4|.111.....|
5|.1.1.....|
6|.111.....|
7|.........|
8|.........|
9|.........|
—|—————————|
Set/delete mines marks (x and y coordinates): > 1 2

 |123456789|
—|—————————|
1|.........|
2|*........|
3|.........|
4|.111.....|
5|.1.1.....|
6|.111.....|
7|.........|
8|.........|
9|.........|
—|—————————|
Set/delete mines marks (x and y coordinates): > 1 2

 |123456789|
—|—————————|
1|.........|
2|.........|
3|.........|
4|.111.....|
5|.1.1.....|
6|.111.....|
7|.........|
8|.........|
9|.........|
—|—————————|
Set/delete mines marks (x and y coordinates): > 3 5

 |123456789|
—|—————————|
1|.........|
2|.........|
3|.........|
4|.111.....|
5|.1*1.....|
6|.111.....|
7|.........|
8|.........|
9|.........|
—|—————————|
Congratulations! You found all the mines!
?[1;31m
Start test 5?[0m
How many mines do you want on the field? > 1

 |123456789|
—|—————————|
1|.........|
2|.........|
3|.........|
4|.........|
5|111......|
6|1.1......|
7|111......|
8|.........|
9|.........|
—|—————————|
Set/delete mines marks (x and y coordinates): > 1 2

 |123456789|
—|—————————|
1|.........|
2|*........|
3|.........|
4|.........|
5|111......|
6|1.1......|
7|111......|
8|.........|
9|.........|
—|—————————|
Set/delete mines marks (x and y coordinates): > 1 2

 |123456789|
—|—————————|
1|.........|
2|.........|
3|.........|
4|.........|
5|111......|
6|1.1......|
7|111......|
8|.........|
9|.........|
—|—————————|
Set/delete mines marks (x and y coordinates): > 2 6

 |123456789|
—|—————————|
1|.........|
2|.........|
3|.........|
4|.........|
5|111......|
6|1*1......|
7|111......|
8|.........|
9|.........|
—|—————————|
Congratulations! You found all the mines!
?[1;31m
Start test 6?[0m
How many mines do you want on the field? > 1

 |123456789|
—|—————————|
1|.......11|
2|.......1.|
3|.......11|
4|.........|
5|.........|
6|.........|
7|.........|
8|.........|
9|.........|
—|—————————|
Set/delete mines marks (x and y coordinates): > 1 2

 |123456789|
—|—————————|
1|.......11|
2|*......1.|
3|.......11|
4|.........|
5|.........|
6|.........|
7|.........|
8|.........|
9|.........|
—|—————————|
Set/delete mines marks (x and y coordinates): > 1 2

 |123456789|
—|—————————|
1|.......11|
2|.......1.|
3|.......11|
4|.........|
5|.........|
6|.........|
7|.........|
8|.........|
9|.........|
—|—————————|
Set/delete mines marks (x and y coordinates): > 9 2

 |123456789|
—|—————————|
1|.......11|
2|.......1*|
3|.......11|
4|.........|
5|.........|
6|.........|
7|.........|
8|.........|
9|.........|
—|—————————|
Congratulations! You found all the mines!
?[1;31m
Start test 7?[0m
How many mines do you want on the field? > 1

 |123456789|
—|—————————|
1|.........|
2|.........|
3|.........|
4|.........|
5|.........|
6|.........|
7|....111..|
8|....1.1..|
9|....111..|
—|—————————|
Set/delete mines marks (x and y coordinates): > 1 2

 |123456789|
—|—————————|
1|.........|
2|*........|
3|.........|
4|.........|
5|.........|
6|.........|
7|....111..|
8|....1.1..|
9|....111..|
—|—————————|
Set/delete mines marks (x and y coordinates): > 1 2

 |123456789|
—|—————————|
1|.........|
2|.........|
3|.........|
4|.........|
5|.........|
6|.........|
7|....111..|
8|....1.1..|
9|....111..|
—|—————————|
Set/delete mines marks (x and y coordinates): > 6 8

 |123456789|
—|—————————|
1|.........|
2|.........|
3|.........|
4|.........|
5|.........|
6|.........|
7|....111..|
8|....1*1..|
9|....111..|
—|—————————|
Congratulations! You found all the mines!
?[1;31m
Start test 8?[0m
How many mines do you want on the field? > 1

 |123456789|
—|—————————|
1|.........|
2|.........|
3|.........|
4|11.......|
5|.1.......|
6|11.......|
7|.........|
8|.........|
9|.........|
—|—————————|
Set/delete mines marks (x and y coordinates): > 1 2

 |123456789|
—|—————————|
1|.........|
2|*........|
3|.........|
4|11.......|
5|.1.......|
6|11.......|
7|.........|
8|.........|
9|.........|
—|—————————|
Set/delete mines marks (x and y coordinates): > 1 2

 |123456789|
—|—————————|
1|.........|
2|.........|
3|.........|
4|11.......|
5|.1.......|
6|11.......|
7|.........|
8|.........|
9|.........|
—|—————————|
Set/delete mines marks (x and y coordinates): > 1 5

 |123456789|
—|—————————|
1|.........|
2|.........|
3|.........|
4|11.......|
5|*1.......|
6|11.......|
7|.........|
8|.........|
9|.........|
—|—————————|
Congratulations! You found all the mines!
?[1;31m
Start test 9?[0m
How many mines do you want on the field? > 1

 |123456789|
—|—————————|
1|.........|
2|.........|
3|.........|
4|.........|
5|.........|
6|....111..|
7|....1.1..|
8|....111..|
9|.........|
—|—————————|
Set/delete mines marks (x and y coordinates): > 1 2

 |123456789|
—|—————————|
1|.........|
2|*........|
3|.........|
4|.........|
5|.........|
6|....111..|
7|....1.1..|
8|....111..|
9|.........|
—|—————————|
Set/delete mines marks (x and y coordinates): > 1 2

 |123456789|
—|—————————|
1|.........|
2|.........|
3|.........|
4|.........|
5|.........|
6|....111..|
7|....1.1..|
8|....111..|
9|.........|
—|—————————|
Set/delete mines marks (x and y coordinates): > 6 7

 |123456789|
—|—————————|
1|.........|
2|.........|
3|.........|
4|.........|
5|.........|
6|....111..|
7|....1*1..|
8|....111..|
9|.........|
—|—————————|
Congratulations! You found all the mines!
?[1;31m
Start test 10?[0m
How many mines do you want on the field? > 1

 |123456789|
—|—————————|
1|.........|
2|.........|
3|......111|
4|......1.1|
5|......111|
6|.........|
7|.........|
8|.........|
9|.........|
—|—————————|
Set/delete mines marks (x and y coordinates): > 1 2

 |123456789|
—|—————————|
1|.........|
2|*........|
3|......111|
4|......1.1|
5|......111|
6|.........|
7|.........|
8|.........|
9|.........|
—|—————————|
Set/delete mines marks (x and y coordinates): > 1 2

 |123456789|
—|—————————|
1|.........|
2|.........|
3|......111|
4|......1.1|
5|......111|
6|.........|
7|.........|
8|.........|
9|.........|
—|—————————|
Set/delete mines marks (x and y coordinates): > 8 4

 |123456789|
—|—————————|
1|.........|
2|.........|
3|......111|
4|......1*1|
5|......111|
6|.........|
7|.........|
8|.........|
9|.........|
—|—————————|
Congratulations! You found all the mines!
?[1;31m
Start test 11?[0m
How many mines do you want on the field? > 5

 |123456789|
—|—————————|
1|.........|
2|...111...|
3|...1.1...|
4|...2331..|
5|...1..111|
6|...12211.|
7|.......11|
8|....111..|
9|....1.1..|
—|—————————|
Set/delete mines marks (x and y coordinates): > 5 3

 |123456789|
—|—————————|
1|.........|
2|...111...|
3|...1*1...|
4|...2331..|
5|...1..111|
6|...12211.|
7|.......11|
8|....111..|
9|....1.1..|
—|—————————|
Set/delete mines marks (x and y coordinates): > 6 5

 |123456789|
—|—————————|
1|.........|
2|...111...|
3|...1*1...|
4|...2331..|
5|...1.*111|
6|...12211.|
7|.......11|
8|....111..|
9|....1.1..|
—|—————————|
Set/delete mines marks (x and y coordinates): > 5 5

 |123456789|
—|—————————|
1|.........|
2|...111...|
3|...1*1...|
4|...2331..|
5|...1**111|
6|...12211.|
7|.......11|
8|....111..|
9|....1.1..|
—|—————————|
Set/delete mines marks (x and y coordinates): > 6 9

 |123456789|
—|—————————|
1|.........|
2|...111...|
3|...1*1...|
4|...2331..|
5|...1**111|
6|...12211.|
7|.......11|
8|....111..|
9|....1*1..|
—|—————————|
Set/delete mines marks (x and y coordinates): > 9 6

 |123456789|
—|—————————|
1|.........|
2|...111...|
3|...1*1...|
4|...2331..|
5|...1**111|
6|...12211*|
7|.......11|
8|....111..|
9|....1*1..|
—|—————————|
Congratulations! You found all the mines!
?[1;31m
Start test 12?[0m
How many mines do you want on the field? > 5

 |123456789|
—|—————————|
1|.........|
2|.....111.|
3|...112.1.|
4|1111.211.|
5|1.1111...|
6|111111...|
7|...1.1...|
8|...111111|
9|......1.1|
—|—————————|
Set/delete mines marks (x and y coordinates): > 7 3

 |123456789|
—|—————————|
1|.........|
2|.....111.|
3|...112*1.|
4|1111.211.|
5|1.1111...|
6|111111...|
7|...1.1...|
8|...111111|
9|......1.1|
—|—————————|
Set/delete mines marks (x and y coordinates): > 2 5

 |123456789|
—|—————————|
1|.........|
2|.....111.|
3|...112*1.|
4|1111.211.|
5|1*1111...|
6|111111...|
7|...1.1...|
8|...111111|
9|......1.1|
—|—————————|
Set/delete mines marks (x and y coordinates): > 5 7

 |123456789|
—|—————————|
1|.........|
2|.....111.|
3|...112*1.|
4|1111.211.|
5|1*1111...|
6|111111...|
7|...1*1...|
8|...111111|
9|......1.1|
—|—————————|
Set/delete mines marks (x and y coordinates): > 5 4

 |123456789|
—|—————————|
1|.........|
2|.....111.|
3|...112*1.|
4|1111*211.|
5|1*1111...|
6|111111...|
7|...1*1...|
8|...111111|
9|......1.1|
—|—————————|
Set/delete mines marks (x and y coordinates): > 8 9

 |123456789|
—|—————————|
1|.........|
2|.....111.|
3|...112*1.|
4|1111*211.|
5|1*1111...|
6|111111...|
7|...1*1...|
8|...111111|
9|......1*1|
—|—————————|
Congratulations! You found all the mines!
?[1;31m
Start test 13?[0m
How many mines do you want on the field? > 5

 |123456789|
—|—————————|
1|1.1......|
2|111..111.|
3|111..1.1.|
4|1.1..111.|
5|111......|
6|..111....|
7|..1.1....|
8|..1221...|
9|...1.1...|
—|—————————|
Set/delete mines marks (x and y coordinates): > 2 4

 |123456789|
—|—————————|
1|1.1......|
2|111..111.|
3|111..1.1.|
4|1*1..111.|
5|111......|
6|..111....|
7|..1.1....|
8|..1221...|
9|...1.1...|
—|—————————|
Set/delete mines marks (x and y coordinates): > 7 3

 |123456789|
—|—————————|
1|1.1......|
2|111..111.|
3|111..1*1.|
4|1*1..111.|
5|111......|
6|..111....|
7|..1.1....|
8|..1221...|
9|...1.1...|
—|—————————|
Set/delete mines marks (x and y coordinates): > 4 7

 |123456789|
—|—————————|
1|1.1......|
2|111..111.|
3|111..1*1.|
4|1*1..111.|
5|111......|
6|..111....|
7|..1*1....|
8|..1221...|
9|...1.1...|
—|—————————|
Set/delete mines marks (x and y coordinates): > 2 1

 |123456789|
—|—————————|
1|1*1......|
2|111..111.|
3|111..1*1.|
4|1*1..111.|
5|111......|
6|..111....|
7|..1*1....|
8|..1221...|
9|...1.1...|
—|—————————|
Set/delete mines marks (x and y coordinates): > 5 9

 |123456789|
—|—————————|
1|1*1......|
2|111..111.|
3|111..1*1.|
4|1*1..111.|
5|111......|
6|..111....|
7|..1*1....|
8|..1221...|
9|...1*1...|
—|—————————|
Congratulations! You found all the mines!
]]></system-out>
  <system-err><![CDATA[]]></system-err>
</testsuite>
